<?xml version="1.0" encoding="UTF-8"?>
<testsuites name="PQC-Edge-Attestor Tests" tests="24" failures="5" errors="0" time="3.585">
  <testsuite name="Generation 1: Basic Functionality Tests" errors="0" failures="5" skipped="0" timestamp="2025-08-19T00:40:23" time="3.444" tests="24">
    <testcase classname="Generation 1: Basic Functionality Tests › PQC Crypto Service" name="should generate Kyber keypair" time="0.005">
    </testcase>
    <testcase classname="Generation 1: Basic Functionality Tests › PQC Crypto Service" name="should perform Kyber encapsulation/decapsulation" time="0.003">
    </testcase>
    <testcase classname="Generation 1: Basic Functionality Tests › PQC Crypto Service" name="should generate Dilithium keypair" time="0.002">
    </testcase>
    <testcase classname="Generation 1: Basic Functionality Tests › PQC Crypto Service" name="should sign and verify with Dilithium" time="0.004">
      <failure>Error: expect(received).toBe(expected) // Object.is equality

Expected: true
Received: false
    at Object.toBe (/root/repo/tests/unit/generation1.test.js:84:29)
    at Generator.next (&lt;anonymous&gt;)
    at asyncGeneratorStep (/root/repo/tests/unit/generation1.test.js:3:70)
    at _next (/root/repo/tests/unit/generation1.test.js:4:163)
    at processTicksAndRejections (node:internal/process/task_queues:105:5)</failure>
    </testcase>
    <testcase classname="Generation 1: Basic Functionality Tests › PQC Crypto Service" name="should validate key formats" time="0.002">
    </testcase>
    <testcase classname="Generation 1: Basic Functionality Tests › PQC Crypto Service" name="should return supported algorithms" time="0.002">
    </testcase>
    <testcase classname="Generation 1: Basic Functionality Tests › Attestation Service" name="should initialize successfully" time="0.013">
    </testcase>
    <testcase classname="Generation 1: Basic Functionality Tests › Attestation Service" name="should collect measurements" time="0.002">
      <failure>Error: expect(received).toBe(expected) // Object.is equality

Expected: true
Received: undefined
    at Object.toBe (/root/repo/tests/unit/generation1.test.js:112:36)
    at Generator.next (&lt;anonymous&gt;)
    at asyncGeneratorStep (/root/repo/tests/unit/generation1.test.js:3:70)
    at _next (/root/repo/tests/unit/generation1.test.js:4:163)
    at processTicksAndRejections (node:internal/process/task_queues:105:5)</failure>
    </testcase>
    <testcase classname="Generation 1: Basic Functionality Tests › Attestation Service" name="should generate attestation report" time="0.003">
    </testcase>
    <testcase classname="Generation 1: Basic Functionality Tests › Attestation Service" name="should get PCR values" time="0.001">
      <failure>TypeError: attestationService.getPCRValues is not a function
    at Object.getPCRValues (/root/repo/tests/unit/generation1.test.js:130:50)
    at Promise.then.completed (/root/repo/node_modules/jest-circus/build/utils.js:298:28)
    at new Promise (&lt;anonymous&gt;)
    at callAsyncCircusFn (/root/repo/node_modules/jest-circus/build/utils.js:231:10)
    at _callCircusTest (/root/repo/node_modules/jest-circus/build/run.js:316:40)
    at processTicksAndRejections (node:internal/process/task_queues:105:5)
    at _runTest (/root/repo/node_modules/jest-circus/build/run.js:252:3)
    at _runTestsForDescribeBlock (/root/repo/node_modules/jest-circus/build/run.js:126:9)
    at _runTestsForDescribeBlock (/root/repo/node_modules/jest-circus/build/run.js:121:9)
    at _runTestsForDescribeBlock (/root/repo/node_modules/jest-circus/build/run.js:121:9)
    at run (/root/repo/node_modules/jest-circus/build/run.js:71:3)
    at runAndTransformResultsToJestFormat (/root/repo/node_modules/jest-circus/build/legacy-code-todo-rewrite/jestAdapterInit.js:122:21)
    at jestAdapter (/root/repo/node_modules/jest-circus/build/legacy-code-todo-rewrite/jestAdapter.js:79:19)
    at runTestInternal (/root/repo/node_modules/jest-runner/build/runTest.js:367:16)
    at runTest (/root/repo/node_modules/jest-runner/build/runTest.js:444:34)</failure>
    </testcase>
    <testcase classname="Generation 1: Basic Functionality Tests › Attestation Service" name="should get measurement log" time="0.001">
      <failure>TypeError: attestationService.getMeasurementLog is not a function
    at Object.getMeasurementLog (/root/repo/tests/unit/generation1.test.js:140:44)
    at Promise.then.completed (/root/repo/node_modules/jest-circus/build/utils.js:298:28)
    at new Promise (&lt;anonymous&gt;)
    at callAsyncCircusFn (/root/repo/node_modules/jest-circus/build/utils.js:231:10)
    at _callCircusTest (/root/repo/node_modules/jest-circus/build/run.js:316:40)
    at processTicksAndRejections (node:internal/process/task_queues:105:5)
    at _runTest (/root/repo/node_modules/jest-circus/build/run.js:252:3)
    at _runTestsForDescribeBlock (/root/repo/node_modules/jest-circus/build/run.js:126:9)
    at _runTestsForDescribeBlock (/root/repo/node_modules/jest-circus/build/run.js:121:9)
    at _runTestsForDescribeBlock (/root/repo/node_modules/jest-circus/build/run.js:121:9)
    at run (/root/repo/node_modules/jest-circus/build/run.js:71:3)
    at runAndTransformResultsToJestFormat (/root/repo/node_modules/jest-circus/build/legacy-code-todo-rewrite/jestAdapterInit.js:122:21)
    at jestAdapter (/root/repo/node_modules/jest-circus/build/legacy-code-todo-rewrite/jestAdapter.js:79:19)
    at runTestInternal (/root/repo/node_modules/jest-runner/build/runTest.js:367:16)
    at runTest (/root/repo/node_modules/jest-runner/build/runTest.js:444:34)</failure>
    </testcase>
    <testcase classname="Generation 1: Basic Functionality Tests › OTA Update Service" name="should initialize successfully" time="0.013">
    </testcase>
    <testcase classname="Generation 1: Basic Functionality Tests › OTA Update Service" name="should check for updates" time="1.003">
    </testcase>
    <testcase classname="Generation 1: Basic Functionality Tests › OTA Update Service" name="should get update statistics" time="0.002">
    </testcase>
    <testcase classname="Generation 1: Basic Functionality Tests › Device Management Service" name="should initialize successfully" time="0.005">
    </testcase>
    <testcase classname="Generation 1: Basic Functionality Tests › Device Management Service" name="should get device status" time="0.002">
    </testcase>
    <testcase classname="Generation 1: Basic Functionality Tests › Device Management Service" name="should execute commands" time="0.006">
    </testcase>
    <testcase classname="Generation 1: Basic Functionality Tests › Device Management Service" name="should generate attestation report via command" time="0.002">
    </testcase>
    <testcase classname="Generation 1: Basic Functionality Tests › Device Management Service" name="should handle reboot command" time="1.005">
    </testcase>
    <testcase classname="Generation 1: Basic Functionality Tests › Service Integration" name="should integrate PQC crypto with attestation" time="0.002">
    </testcase>
    <testcase classname="Generation 1: Basic Functionality Tests › Service Integration" name="should coordinate services through device management" time="0.001">
    </testcase>
    <testcase classname="Generation 1: Basic Functionality Tests › Error Handling" name="should handle invalid parameters gracefully" time="0.015">
    </testcase>
    <testcase classname="Generation 1: Basic Functionality Tests › Error Handling" name="should handle uninitialized services" time="0.003">
      <failure>Error: expect(received).rejects.toThrow()

Received promise resolved instead of rejected
Resolved to value: [{&quot;pcrIndex&quot;: 0, &quot;timestamp&quot;: 1755564026563, &quot;type&quot;: &quot;firmware&quot;, &quot;value&quot;: {&quot;data&quot;: [247, 253, 66, 51, 48, 57, 237, 104, 243, 25, …], &quot;type&quot;: &quot;Buffer&quot;}}]
    at expect (/root/repo/node_modules/expect/build/index.js:113:15)
    at Object.expect (/root/repo/tests/unit/generation1.test.js:253:19)
    at Generator.next (&lt;anonymous&gt;)
    at asyncGeneratorStep (/root/repo/tests/unit/generation1.test.js:3:70)
    at _next (/root/repo/tests/unit/generation1.test.js:4:163)
    at /root/repo/tests/unit/generation1.test.js:4:299
    at new Promise (&lt;anonymous&gt;)
    at Object.&lt;anonymous&gt; (/root/repo/tests/unit/generation1.test.js:4:90)
    at Promise.then.completed (/root/repo/node_modules/jest-circus/build/utils.js:298:28)
    at new Promise (&lt;anonymous&gt;)
    at callAsyncCircusFn (/root/repo/node_modules/jest-circus/build/utils.js:231:10)
    at _callCircusTest (/root/repo/node_modules/jest-circus/build/run.js:316:40)
    at _runTest (/root/repo/node_modules/jest-circus/build/run.js:252:3)
    at _runTestsForDescribeBlock (/root/repo/node_modules/jest-circus/build/run.js:126:9)
    at _runTestsForDescribeBlock (/root/repo/node_modules/jest-circus/build/run.js:121:9)
    at _runTestsForDescribeBlock (/root/repo/node_modules/jest-circus/build/run.js:121:9)
    at run (/root/repo/node_modules/jest-circus/build/run.js:71:3)
    at runAndTransformResultsToJestFormat (/root/repo/node_modules/jest-circus/build/legacy-code-todo-rewrite/jestAdapterInit.js:122:21)
    at jestAdapter (/root/repo/node_modules/jest-circus/build/legacy-code-todo-rewrite/jestAdapter.js:79:19)
    at runTestInternal (/root/repo/node_modules/jest-runner/build/runTest.js:367:16)
    at runTest (/root/repo/node_modules/jest-runner/build/runTest.js:444:34)</failure>
    </testcase>
    <testcase classname="Generation 1: Basic Functionality Tests › Error Handling" name="should handle unknown commands" time="0.012">
    </testcase>
  </testsuite>
</testsuites>